# JRE version: OpenJDK Runtime Environment (8.0_265-b01) (build 1.8.0_265-b01)
# Java VM: OpenJDK 64-Bit Server VM (25.265-b01 mixed mode linux-amd64 compressed oops)
Heap:
 PSYoungGen      total 243712K, used 219340K [0x00000000eab00000, 0x0000000100000000, 0x0000000100000000)
  eden space 220160K, 88% used [0x00000000eab00000,0x00000000f6a380b8,0x00000000f8200000)
  from space 23552K, 99% used [0x00000000fe900000,0x00000000ffffb258,0x0000000100000000)
  to   space 64512K, 0% used [0x00000000f8200000,0x00000000f8200000,0x00000000fc100000)
 ParOldGen       total 563712K, used 108816K [0x00000000c0000000, 0x00000000e2680000, 0x00000000eab00000)
  object space 563712K, 19% used [0x00000000c0000000,0x00000000c6a44040,0x00000000e2680000)
 Metaspace       used 93238K, capacity 93976K, committed 94336K, reserved 1126400K
  class space    used 16184K, capacity 16414K, committed 16512K, reserved 1048576K
GC Heap History (10 events):
Event: 5,333 GC heap before
{Heap before GC invocations=9 (full 4):
 PSYoungGen      total 247808K, used 237056K [0x00000000eab00000, 0x00000000fbc80000, 0x0000000100000000)
  eden space 237056K, 100% used [0x00000000eab00000,0x00000000f9280000,0x00000000f9280000)
  from space 10752K, 0% used [0x00000000fb200000,0x00000000fb200000,0x00000000fbc80000)
  to   space 21504K, 0% used [0x00000000f9280000,0x00000000f9280000,0x00000000fa780000)
 ParOldGen       total 384512K, used 15049K [0x00000000c0000000, 0x00000000d7780000, 0x00000000eab00000)
  object space 384512K, 3% used [0x00000000c0000000,0x00000000c0eb25c8,0x00000000d7780000)
 Metaspace       used 48806K, capacity 49286K, committed 49664K, reserved 1089536K
  class space    used 9234K, capacity 9369K, committed 9472K, reserved 1048576K
Event: 5,344 GC heap after
Heap after GC invocations=9 (full 4):
 PSYoungGen      total 258560K, used 13273K [0x00000000eab00000, 0x00000000ffe00000, 0x0000000100000000)
  eden space 237056K, 0% used [0x00000000eab00000,0x00000000eab00000,0x00000000f9280000)
  from space 21504K, 61% used [0x00000000f9280000,0x00000000f9f76470,0x00000000fa780000)
  to   space 21504K, 0% used [0x00000000fe900000,0x00000000fe900000,0x00000000ffe00000)
 ParOldGen       total 384512K, used 15057K [0x00000000c0000000, 0x00000000d7780000, 0x00000000eab00000)
  object space 384512K, 3% used [0x00000000c0000000,0x00000000c0eb45c8,0x00000000d7780000)
 Metaspace       used 48806K, capacity 49286K, committed 49664K, reserved 1089536K
  class space    used 9234K, capacity 9369K, committed 9472K, reserved 1048576K
}
Event: 59,917 GC heap before
{Heap before GC invocations=10 (full 4):
 PSYoungGen      total 258560K, used 250329K [0x00000000eab00000, 0x00000000ffe00000, 0x0000000100000000)
  eden space 237056K, 100% used [0x00000000eab00000,0x00000000f9280000,0x00000000f9280000)
  from space 21504K, 61% used [0x00000000f9280000,0x00000000f9f76470,0x00000000fa780000)
  to   space 21504K, 0% used [0x00000000fe900000,0x00000000fe900000,0x00000000ffe00000)
 ParOldGen       total 384512K, used 15057K [0x00000000c0000000, 0x00000000d7780000, 0x00000000eab00000)
  object space 384512K, 3% used [0x00000000c0000000,0x00000000c0eb45c8,0x00000000d7780000)
 Metaspace       used 59199K, capacity 59862K, committed 59904K, reserved 1097728K
  class space    used 11068K, capacity 11255K, committed 11264K, reserved 1048576K
Event: 59,945 GC heap after
Heap after GC invocations=10 (full 4):
 PSYoungGen      total 313344K, used 21502K [0x00000000eab00000, 0x00000000ffe00000, 0x0000000100000000)
  eden space 291840K, 0% used [0x00000000eab00000,0x00000000eab00000,0x00000000fc800000)
  from space 21504K, 99% used [0x00000000fe900000,0x00000000ffdff900,0x00000000ffe00000)
  to   space 21504K, 0% used [0x00000000fd400000,0x00000000fd400000,0x00000000fe900000)
 ParOldGen       total 384512K, used 30724K [0x00000000c0000000, 0x00000000d7780000, 0x00000000eab00000)
  object space 384512K, 7% used [0x00000000c0000000,0x00000000c1e010f0,0x00000000d7780000)
 Metaspace       used 59199K, capacity 59862K, committed 59904K, reserved 1097728K
  class space    used 11068K, capacity 11255K, committed 11264K, reserved 1048576K
}
Event: 60,733 GC heap before
{Heap before GC invocations=11 (full 4):
 PSYoungGen      total 313344K, used 88306K [0x00000000eab00000, 0x00000000ffe00000, 0x0000000100000000)
  eden space 291840K, 22% used [0x00000000eab00000,0x00000000eec3d2b0,0x00000000fc800000)
  from space 21504K, 99% used [0x00000000fe900000,0x00000000ffdff900,0x00000000ffe00000)
  to   space 21504K, 0% used [0x00000000fd400000,0x00000000fd400000,0x00000000fe900000)
 ParOldGen       total 384512K, used 30724K [0x00000000c0000000, 0x00000000d7780000, 0x00000000eab00000)
  object space 384512K, 7% used [0x00000000c0000000,0x00000000c1e010f0,0x00000000d7780000)
 Metaspace       used 67665K, capacity 68354K, committed 68480K, reserved 1105920K
  class space    used 12607K, capacity 12803K, committed 12928K, reserved 1048576K
Event: 60,750 GC heap after
Heap after GC invocations=11 (full 4):
 PSYoungGen      total 325632K, used 21485K [0x00000000eab00000, 0x0000000100000000, 0x0000000100000000)
  eden space 304128K, 0% used [0x00000000eab00000,0x00000000eab00000,0x00000000fd400000)
  from space 21504K, 99% used [0x00000000fd400000,0x00000000fe8fb7f0,0x00000000fe900000)
  to   space 23552K, 0% used [0x00000000fe900000,0x00000000fe900000,0x0000000100000000)
 ParOldGen       total 384512K, used 41368K [0x00000000c0000000, 0x00000000d7780000, 0x00000000eab00000)
  object space 384512K, 10% used [0x00000000c0000000,0x00000000c28660b0,0x00000000d7780000)
 Metaspace       used 67665K, capacity 68354K, committed 68480K, reserved 1105920K
  class space    used 12607K, capacity 12803K, committed 12928K, reserved 1048576K
}
Event: 60,750 GC heap before
{Heap before GC invocations=12 (full 5):
 PSYoungGen      total 325632K, used 21485K [0x00000000eab00000, 0x0000000100000000, 0x0000000100000000)
  eden space 304128K, 0% used [0x00000000eab00000,0x00000000eab00000,0x00000000fd400000)
  from space 21504K, 99% used [0x00000000fd400000,0x00000000fe8fb7f0,0x00000000fe900000)
  to   space 23552K, 0% used [0x00000000fe900000,0x00000000fe900000,0x0000000100000000)
 ParOldGen       total 384512K, used 41368K [0x00000000c0000000, 0x00000000d7780000, 0x00000000eab00000)
  object space 384512K, 10% used [0x00000000c0000000,0x00000000c28660b0,0x00000000d7780000)
 Metaspace       used 67665K, capacity 68354K, committed 68480K, reserved 1105920K
  class space    used 12607K, capacity 12803K, committed 12928K, reserved 1048576K
Event: 60,877 GC heap after
Heap after GC invocations=12 (full 5):
 PSYoungGen      total 325632K, used 0K [0x00000000eab00000, 0x0000000100000000, 0x0000000100000000)
  eden space 304128K, 0% used [0x00000000eab00000,0x00000000eab00000,0x00000000fd400000)
  from space 21504K, 0% used [0x00000000fd400000,0x00000000fd400000,0x00000000fe900000)
  to   space 23552K, 0% used [0x00000000fe900000,0x00000000fe900000,0x0000000100000000)
 ParOldGen       total 563712K, used 51790K [0x00000000c0000000, 0x00000000e2680000, 0x00000000eab00000)
  object space 563712K, 9% used [0x00000000c0000000,0x00000000c3293908,0x00000000e2680000)
 Metaspace       used 67644K, capacity 68326K, committed 68480K, reserved 1105920K
  class space    used 12601K, capacity 12795K, committed 12928K, reserved 1048576K
}
Event: 67,524 GC heap before
{Heap before GC invocations=13 (full 5):
 PSYoungGen      total 325632K, used 304128K [0x00000000eab00000, 0x0000000100000000, 0x0000000100000000)
  eden space 304128K, 100% used [0x00000000eab00000,0x00000000fd400000,0x00000000fd400000)
  from space 21504K, 0% used [0x00000000fd400000,0x00000000fd400000,0x00000000fe900000)
  to   space 23552K, 0% used [0x00000000fe900000,0x00000000fe900000,0x0000000100000000)
 ParOldGen       total 563712K, used 51790K [0x00000000c0000000, 0x00000000e2680000, 0x00000000eab00000)
  object space 563712K, 9% used [0x00000000c0000000,0x00000000c3293908,0x00000000e2680000)
 Metaspace       used 89961K, capacity 90712K, committed 91136K, reserved 1124352K
  class space    used 15785K, capacity 16030K, committed 16128K, reserved 1048576K
Event: 67,590 GC heap after
Heap after GC invocations=13 (full 5):
 PSYoungGen      total 243712K, used 23532K [0x00000000eab00000, 0x0000000100000000, 0x0000000100000000)
  eden space 220160K, 0% used [0x00000000eab00000,0x00000000eab00000,0x00000000f8200000)
  from space 23552K, 99% used [0x00000000fe900000,0x00000000ffffb258,0x0000000100000000)
  to   space 64512K, 0% used [0x00000000f8200000,0x00000000f8200000,0x00000000fc100000)
 ParOldGen       total 563712K, used 108816K [0x00000000c0000000, 0x00000000e2680000, 0x00000000eab00000)
  object space 563712K, 19% used [0x00000000c0000000,0x00000000c6a44040,0x00000000e2680000)
 Metaspace       used 89961K, capacity 90712K, committed 91136K, reserved 1124352K
  class space    used 15785K, capacity 16030K, committed 16128K, reserved 1048576K
}

